

HI-TECH Software 8051 Macro Assembler V9.60                                Page 1
                                                       Mon Jun 16 10:13:47 2025

     1                           	psect	idata,class=DATA,space=1,limit=080h
     2                           	psect	irdata,class=DATA,limit=080h
     3                           	global	_on_button
     4                           	signat	_on_button,88
     5                           	global	stack_internal
     6                           	psect	text,class=CODE
     7                           	psect	text
     8                           	file	"D:\MS11ws\lera5\8\8\8\project1\main.c"
     9                           	line	5
    10  00003                     _on_button:
    11  00003  80 2A              	j	f1411
    12  00005                     f1410:
    13                           ;main.c: 5: interrupt void on_button() {
    14                           
    15                           ;main.c: 6: obrabotka();
    16                           
    17                           	global	_obrabotka
    18                           	signat	_obrabotka,88
    19                           	FNCALL	_on_button,_obrabotka
    20                           	line	6
    21  00005  12 011F            	lcall	_obrabotka
    22                           ;main.c: 7: }
    23                           
    24                           	line	7
    25  00008                     l2:
    26                           	FNROOT	_on_button
    27  00008  D0 F0              	pop	b
    28  0000A  D0 00              	pop	0
    29  0000C  D0 01              	pop	1
    30  0000E  D0 02              	pop	2
    31  00010  D0 03              	pop	3
    32  00012  D0 04              	pop	4
    33  00014  D0 05              	pop	5
    34  00016  D0 08              	pop	8
    35  00018  D0 09              	pop	9
    36  0001A  D0 0A              	pop	10
    37  0001C  D0 0B              	pop	11
    38  0001E  D0 0C              	pop	12
    39  00020  D0 0D              	pop	13
    40  00022  D0 0E              	pop	14
    41  00024  D0 0F              	pop	15
    42  00026  D0 83              	pop	dph
    43  00028  D0 82              	pop	dpl
    44  0002A  D0 E0              	pop	acc
    45  0002C  D0 D0              	pop	psw
    46  0002E  32                 	reti
    47  0002F                     f1411:
    48  0002F  C0 D0              	push	psw
    49  00031  C0 E0              	push	acc
    50  00033  C0 82              	push	dpl
    51  00035  C0 83              	push	dph
    52  00037  C0 0F              	push	15
    53  00039  C0 0E              	push	14
    54  0003B  C0 0D              	push	13
    55  0003D  C0 0C              	push	12
    56  0003F  C0 0B              	push	11
    57  00041  C0 0A              	push	10
    58  00043  C0 09              	push	9
    59  00045  C0 08              	push	8
    60  00047  C0 05              	push	5
    61  00049  C0 04              	push	4
    62  0004B  C0 03              	push	3
    63  0004D  C0 02              	push	2
    64  0004F  C0 01              	push	1
    65  00051  C0 00              	push	0
    66  00053  C0 F0              	push	b
    67  00055  80 AE              	j	f1410
    68  0000                     f1412	equ	0
    69                           ;	param _p assigned to r5 on entry
    70                           	global	_pause
    71                           	signat	_pause,4216
    72                           	line	15
    73  00057                     _pause:
    74  00057  80 1E              	j	f1471
    75  00059                     f1470:
    76                           ;main.c: 15: void pause(char p) {
    77                           
    78                           ;main.c: 16: TH1 = 0xFF;
    79                           
    80                           	line	16
    81  00059  75 8D FF           	mov	08Dh,#255
    82                           ;main.c: 17: TL1 = 0xFF - p;
    83                           
    84                           	line	17
    85  0005C  74 FF              	mov	a,#-1
    86  0005E  C3                 	clr	c
    87  0005F  9D                 	subb	a,r5
    88  00060  F5 8B              	mov	08Bh,a
    89                           ;main.c: 18: TF1 = 0;
    90                           
    91                           	line	18
    92  00062  C2 8F              	clr	tcon.7
    93                           ;main.c: 19: TR1 = 1;
    94                           
    95                           	line	19
    96  00064  D2 8E              	setb	tcon.6
    97                           ;main.c: 20: while (TF1 == 0);
    98                           
    99                           ;	var   _p assigned to ?a_pause+0
   100                           ;_p stored from r5
   101                           	line	20
   102  00066  8D 2E              	mov	?a_pause+0,r5
   103  00068  80 00              	jmp	l4
   104  0006A                     l5:
   105  0006A                     l4:
   106  0006A  30 8F 02           	bnb	tcon.7, u11
   107  0006D  80 02              	jmp	u10
   108  0006F                     u11:
   109  0006F  80 F9              	jmp	l5
   110  00071                     u10:
   111  00071                     l6:
   112                           ;main.c: 21: TR1 = 0;
   113                           
   114                           	line	21
   115  00071  C2 8E              	clr	tcon.6
   116                           ;main.c: 22: TL1 = 0;
   117                           
   118                           	line	22
   119  00073  75 8B 00           	mov	08Bh,#0
   120                           ;main.c: 23: }
   121                           
   122                           	line	23
   123  00076                     l3:
   124  00076  22                 	ret
   125  00077                     f1471:
   126  00077  80 E0              	j	f1470
   127                           	FNSIZE	_pause,1,0
   128                           	global	?a_pause
   129  0000                     f1472	equ	0
   130                           	global	_segment
   131                           	signat	_segment,88
   132                           	line	25
   133  00079                     _segment:
   134  00079  80 32              	j	f1481
   135  0007B                     f1480:
   136                           ;main.c: 25: void segment() {
   137                           
   138                           ;main.c: 26: for (i = 0; i < n; i++) {
   139                           
   140                           	global	_i
   141                           	line	26
   142  0007B  E4                 	clr	a
   143  0007C  F5 20              	mov	_i,a
   144  0007E  F5 21              	mov	_i+1,a
   145  00080  80 13              	jmp	l11
   146  00082                     l8:
   147                           ;main.c: 27: P0 += x;
   148                           
   149                           	global	_x
   150                           	line	27
   151  00082  E5 27              	mov	a,0+_x+01h
   152  00084  25 80              	add	a,080h
   153  00086  F5 80              	mov	080h,a
   154                           ;main.c: 28: pause(pausa);
   155                           
   156                           	global	_pausa
   157                           	FNCALL	_segment,_pause
   158                           	line	28
   159  00088  AD 25              	mov	r5,0+_pausa+01h
   160  0008A  12 0057            	lcall	_pause
   161                           
   162                           	line	26
   163  0008D  05 21              	inc	_i+1
   164  0008F  E5 21              	mov	a,_i+1
   165  00091  70 02              	jnz	u20
   166  00093  05 20              	inc	_i
   167  00095                     u20:
   168  00095                     l11:
   169                           	global	_n
   170  00095  C3                 	clr	c
   171  00096  E5 21              	mov	a,_i+1
   172  00098  95 23              	subb	a,_n+1
   173  0009A  85 22  F0          	mov	b,_n
   174  0009D  63 F0 80           	xrl	b,#80h
   175  000A0  E5 20              	mov	a,_i
   176  000A2  64 80              	xrl	a,#80h
   177  000A4  95 F0              	subb	a,b
   178  000A6  40 02              	bc	u31
   179  000A8  80 02              	jmp	u30
   180  000AA                     u31:
   181  000AA  80 D6              	jmp	l8
   182  000AC                     u30:
   183  000AC                     l9:
   184                           ;main.c: 29: }
   185                           
   186                           ;main.c: 30: }
   187                           
   188                           	line	30
   189  000AC                     l7:
   190  000AC  22                 	ret
   191  000AD                     f1481:
   192  000AD  80 CC              	j	f1480
   193  0000                     f1482	equ	0
   194                           	global	_main
   195                           	signat	_main,88
   196                           	line	33
   197  000AF                     _main:
   198  000AF  80 6C              	j	f1491
   199  000B1                     f1490:
   200                           ;main.c: 32: void main()
   201                           
   202                           ;main.c: 33: {
   203                           
   204                           ;	var   _x1 assigned to ?a_main+0
   205                           ;	var   _x2 assigned to ?a_main+2
   206                           ;	var   _x3 assigned to ?a_main+4
   207                           ;main.c: 34: int x1;
   208                           
   209                           ;main.c: 35: int x2;
   210                           
   211                           ;main.c: 36: int x3;
   212                           
   213                           ;main.c: 45: x1 = 6;
   214                           
   215                           	line	45
   216  000B1  75 28  00          	mov	?a_main+0,#high(6)
   217  000B4  75 29  06          	mov	?a_main+0+1,#low(6)
   218                           ;main.c: 46: x2 = 0;
   219                           
   220                           	line	46
   221  000B7  E4                 	clr	a
   222  000B8  F5 2A              	mov	?a_main+2,a
   223  000BA  F5 2B              	mov	?a_main+2+1,a
   224                           ;main.c: 47: x3 = -4;
   225                           
   226                           	line	47
   227  000BC  75 2C  FF          	mov	?a_main+4,#high(-4)
   228  000BF  75 2D  FC          	mov	?a_main+4+1,#low(-4)
   229                           ;main.c: 49: pausa = 1;
   230                           
   231                           	line	49
   232  000C2  75 24  00          	mov	_pausa,#high(1)
   233  000C5  75 25  01          	mov	_pausa+1,#low(1)
   234                           ;main.c: 50: n = 32;
   235                           
   236                           	line	50
   237  000C8  75 22  00          	mov	_n,#high(32)
   238  000CB  75 23  20          	mov	_n+1,#low(32)
   239                           ;main.c: 51: P0 = 0;
   240                           
   241                           	line	51
   242  000CE  75 80 00           	mov	080h,#0
   243                           ;main.c: 52: P1 = 0;
   244                           
   245                           	line	52
   246  000D1  75 90 00           	mov	090h,#0
   247                           ;main.c: 53: P3 = 0;
   248                           
   249                           	line	53
   250  000D4  75 B0 00           	mov	0B0h,#0
   251                           ;main.c: 54: TMOD = 0b00010000;
   252                           
   253                           	line	54
   254  000D7  75 89 10           	mov	089h,#16
   255                           ;main.c: 57: IE = 0b10000001;
   256                           
   257                           	line	57
   258  000DA  75 A8 81           	mov	0A8h,#129
   259                           ;main.c: 58: TCON = 0b00000011;
   260                           
   261                           	line	58
   262  000DD  75 88 03           	mov	088h,#3
   263                           ;main.c: 61: while(1){
   264                           
   265                           	line	61
   266  000E0                     l14:
   267                           ;main.c: 62: P0 = 0;
   268                           
   269                           	line	62
   270  000E0  75 80 00           	mov	080h,#0
   271                           ;main.c: 63: x = 0;
   272                           
   273                           	line	63
   274  000E3  E4                 	clr	a
   275  000E4  F5 26              	mov	_x,a
   276  000E6  F5 27              	mov	_x+1,a
   277                           ;main.c: 64: segment();
   278                           
   279                           	FNCALL	_main,_segment
   280                           	line	64
   281  000E8  12 0079            	lcall	_segment
   282                           ;main.c: 66: P0 = 63;
   283                           
   284                           	line	66
   285  000EB  75 80 3F           	mov	080h,#63
   286                           ;main.c: 67: x = x1;
   287                           
   288                           	line	67
   289  000EE  85 28  26          	mov	_x,?a_main+0
   290  000F1  85 29  27          	mov	_x+1,?a_main+0+1
   291                           ;main.c: 68: segment();
   292                           
   293                           	line	68
   294  000F4  12 0079            	lcall	_segment
   295                           ;main.c: 70: P0 = 255;
   296                           
   297                           	line	70
   298  000F7  75 80 FF           	mov	080h,#255
   299                           ;main.c: 71: x = x2;
   300                           
   301                           	line	71
   302  000FA  85 2A  26          	mov	_x,?a_main+2
   303  000FD  85 2B  27          	mov	_x+1,?a_main+2+1
   304                           ;main.c: 72: segment();
   305                           
   306                           	line	72
   307  00100  12 0079            	lcall	_segment
   308                           ;main.c: 74: P0 = 255;
   309                           
   310                           	line	74
   311  00103  75 80 FF           	mov	080h,#255
   312                           ;main.c: 75: x = x3;
   313                           
   314                           	line	75
   315  00106  85 2C  26          	mov	_x,?a_main+4
   316  00109  85 2D  27          	mov	_x+1,?a_main+4+1
   317                           ;main.c: 76: segment();
   318                           
   319                           	line	76
   320  0010C  12 0079            	lcall	_segment
   321                           ;main.c: 78: P0 = 0;
   322                           
   323                           	line	78
   324  0010F  75 80 00           	mov	080h,#0
   325                           ;main.c: 79: x = 0;
   326                           
   327                           	line	79
   328  00112  E4                 	clr	a
   329  00113  F5 26              	mov	_x,a
   330  00115  F5 27              	mov	_x+1,a
   331                           ;main.c: 80: segment();
   332                           
   333                           	line	80
   334  00117  12 0079            	lcall	_segment
   335                           	line	81
   336  0011A                     l13:
   337                           	line	61
   338  0011A  80 C4              	jmp	l14
   339  0011C                     l15:
   340                           ;main.c: 81: }
   341                           
   342                           ;main.c: 82: }
   343                           
   344                           	line	82
   345  0011C                     l12:
   346  0011C  22                 	ret
   347  0011D                     f1491:
   348  0011D  80 92              	j	f1490
   349                           	FNSIZE	_main,6,0
   350                           	global	?a_main
   351  0000                     f1492	equ	0
   352                           	line	84
   353  0011F                     _obrabotka:
   354  0011F  80 60              	j	f1501
   355  00121                     f1500:
   356                           ;main.c: 84: void obrabotka() {
   357                           
   358                           ;main.c: 85: P10 = 1;
   359                           
   360                           	line	85
   361  00121  D2 90              	setb	p1.0
   362                           ;main.c: 87: P10 = 0;
   363                           
   364                           	line	87
   365  00123  C2 90              	clr	p1.0
   366                           ;main.c: 90: pausa += 20 * P11;
   367                           
   368                           	line	90
   369  00125  7C 00              	mov	r4,#high (20)
   370  00127  7D 14              	mov	r5,#low (20)
   371  00129  A2 91              	mov	c,p1.1
   372  0012B  E4                 	clr	a
   373  0012C  FA                 	mov	r2,a
   374  0012D  33                 	rlc	a
   375  0012E  FB                 	mov	r3,a
   376                           	global	awmul
   377  0012F  12 0183            	lcall	awmul
   378  00132  E5 25              	mov	a,_pausa+1
   379  00134  2B                 	add	a,r3
   380  00135  F5 25              	mov	_pausa+1,a
   381  00137  E5 24              	mov	a,_pausa
   382  00139  3A                 	addc	a,r2
   383  0013A  F5 24              	mov	_pausa,a
   384                           ;main.c: 91: pausa -= 20 * P12;
   385                           
   386                           	line	91
   387  0013C  7C 00              	mov	r4,#high (20)
   388  0013E  7D 14              	mov	r5,#low (20)
   389  00140  A2 92              	mov	c,p1.2
   390  00142  E4                 	clr	a
   391  00143  FA                 	mov	r2,a
   392  00144  33                 	rlc	a
   393  00145  FB                 	mov	r3,a
   394                           	global	awmul
   395  00146  12 0183            	lcall	awmul
   396  00149  E5 25              	mov	a,_pausa+1
   397  0014B  C3                 	clr	c
   398  0014C  9B                 	subb	a,r3
   399  0014D  F5 25              	mov	_pausa+1,a
   400  0014F  E5 24              	mov	a,_pausa
   401  00151  9A                 	subb	a,r2
   402  00152  F5 24              	mov	_pausa,a
   403                           ;main.c: 92: if (pausa < 1) pausa = 1;
   404                           
   405                           	line	92
   406  00154  E5 25              	mov	a,_pausa+1
   407  00156  24 FF              	add	a,#low -(1)
   408  00158  E5 24              	mov	a,_pausa
   409  0015A  64 80              	xrl	a,#80h
   410  0015C  34 7F              	addc	a,#(high -(1))xor 80h
   411  0015E  40 02              	bc	u41
   412  00160  80 02              	jmp	u40
   413  00162                     u41:
   414  00162  80 06              	jmp	l17
   415  00164                     u40:
   416  00164  75 24  00          	mov	_pausa,#high(1)
   417  00167  75 25  01          	mov	_pausa+1,#low(1)
   418  0016A                     l17:
   419                           ;main.c: 93: if (pausa > 255) pausa = 255;
   420                           
   421                           	line	93
   422  0016A  E5 25              	mov	a,_pausa+1
   423  0016C  24 00              	add	a,#low -(256)
   424  0016E  E5 24              	mov	a,_pausa
   425  00170  64 80              	xrl	a,#80h
   426  00172  34 7F              	addc	a,#(high -(256))xor 80h
   427  00174  50 02              	bnc	u51
   428  00176  80 02              	jmp	u50
   429  00178                     u51:
   430  00178  80 06              	jmp	l18
   431  0017A                     u50:
   432  0017A  75 24  00          	mov	_pausa,#high(255)
   433  0017D  75 25  FF          	mov	_pausa+1,#low(255)
   434  00180                     l18:
   435                           ;main.c: 95: }
   436                           
   437                           	line	95
   438  00180                     l16:
   439  00180  22                 	ret
   440  00181                     f1501:
   441  00181  80 9E              	j	f1500
   442  0000                     f1502	equ	0
   443  0000                     _A10	equ	162
   444  0000                     _A11	equ	163
   445  0000                     _A12	equ	164
   446  0000                     _A13	equ	165
   447  0000                     _A14	equ	166
   448  0000                     _A15	equ	167
   449  0000                     _A8	equ	160
   450  0000                     _A9	equ	161
   451  0000                     _AC	equ	214
   452  0000                     _ACC0	equ	224
   453  0000                     _ACC1	equ	225
   454  0000                     _ACC2	equ	226
   455  0000                     _ACC3	equ	227
   456  0000                     _ACC4	equ	228
   457  0000                     _ACC5	equ	229
   458  0000                     _ACC6	equ	230
   459  0000                     _ACC7	equ	231
   460  0000                     _AD0	equ	128
   461  0000                     _AD1	equ	129
   462  0000                     _AD2	equ	130
   463  0000                     _AD3	equ	131
   464  0000                     _AD4	equ	132
   465  0000                     _AD5	equ	133
   466  0000                     _AD6	equ	134
   467  0000                     _AD7	equ	135
   468  0000                     _B0	equ	240
   469  0000                     _B1	equ	241
   470  0000                     _B2	equ	242
   471  0000                     _B3	equ	243
   472  0000                     _B4	equ	244
   473  0000                     _B5	equ	245
   474  0000                     _B6	equ	246
   475  0000                     _B7	equ	247
   476  0000                     _CY	equ	215
   477  0000                     _EA	equ	175
   478  0000                     _ES	equ	172
   479  0000                     _ET0	equ	169
   480  0000                     _ET1	equ	171
   481  0000                     _EX0	equ	168
   482  0000                     _EX1	equ	170
   483  0000                     _F0	equ	213
   484  0000                     _IE0	equ	137
   485  0000                     _IE1	equ	139
   486  0000                     _INT0	equ	178
   487  0000                     _INT1	equ	179
   488  0000                     _IT0	equ	136
   489  0000                     _IT1	equ	138
   490  0000                     _OV	equ	210
   491  0000                     _P	equ	208
   492  0000                     _P00	equ	128
   493  0000                     _P01	equ	129
   494  0000                     _P02	equ	130
   495  0000                     _P03	equ	131
   496  0000                     _P04	equ	132
   497  0000                     _P05	equ	133
   498  0000                     _P06	equ	134
   499  0000                     _P07	equ	135
   500  0000                     _P10	equ	144
   501  0000                     _P11	equ	145
   502  0000                     _P12	equ	146
   503  0000                     _P13	equ	147
   504  0000                     _P14	equ	148
   505  0000                     _P15	equ	149
   506  0000                     _P16	equ	150
   507  0000                     _P17	equ	151
   508  0000                     _P20	equ	160
   509  0000                     _P21	equ	161
   510  0000                     _P22	equ	162
   511  0000                     _P23	equ	163
   512  0000                     _P24	equ	164
   513  0000                     _P25	equ	165
   514  0000                     _P26	equ	166
   515  0000                     _P27	equ	167
   516  0000                     _P30	equ	176
   517  0000                     _P31	equ	177
   518  0000                     _P32	equ	178
   519  0000                     _P33	equ	179
   520  0000                     _P34	equ	180
   521  0000                     _P35	equ	181
   522  0000                     _P36	equ	182
   523  0000                     _P37	equ	183
   524  0000                     _PS	equ	188
   525  0000                     _PT0	equ	185
   526  0000                     _PT1	equ	187
   527  0000                     _PX0	equ	184
   528  0000                     _PX1	equ	186
   529  0000                     _RB8	equ	154
   530  0000                     _RD	equ	183
   531  0000                     _REN	equ	156
   532  0000                     _RI	equ	152
   533  0000                     _RS0	equ	211
   534  0000                     _RS1	equ	212
   535  0000                     _RXD	equ	176
   536  0000                     _SM0	equ	159
   537  0000                     _SM1	equ	158
   538  0000                     _SM2	equ	157
   539  0000                     _T0	equ	180
   540  0000                     _T1	equ	181
   541  0000                     _TB8	equ	155
   542  0000                     _TF0	equ	141
   543  0000                     _TF1	equ	143
   544  0000                     _TI	equ	153
   545  0000                     _TR0	equ	140
   546  0000                     _TR1	equ	142
   547  0000                     _TXD	equ	177
   548  0000                     _WR	equ	182
   549  0000                     _ACC	equ	224
   550  0000                     _B	equ	240
   551  0000                     _DPH	equ	131
   552  0000                     _DPL	equ	130
   553  0000                     _IE	equ	168
   554  0000                     _IP	equ	184
   555  0000                     _P0	equ	128
   556  0000                     _P1	equ	144
   557  0000                     _P2	equ	160
   558  0000                     _P3	equ	176
   559  0000                     _PCON	equ	135
   560  0000                     _PSW	equ	208
   561  0000                     _SBUF	equ	153
   562  0000                     _SCON	equ	152
   563  0000                     _SP	equ	129
   564  0000                     _TCON	equ	136
   565  0000                     _TH0	equ	140
   566  0000                     _TH1	equ	141
   567  0000                     _TL0	equ	138
   568  0000                     _TL1	equ	139
   569  0000                     _TMOD	equ	137
   570  0000                     _ACC_BITS	equ	224
   571  0000                     _B_BITS	equ	240
   572  0000                     _IE_BITS	equ	168
   573  0000                     _IP_BITS	equ	184
   574  0000                     _P0_BITS	equ	128
   575  0000                     _P1_BITS	equ	144
   576  0000                     _P2_BITS	equ	160
   577  0000                     _P3_BITS	equ	176
   578  0000                     _PCON_BITS	equ	135
   579  0000                     _PSW_BITS	equ	208
   580  0000                     _SCON_BITS	equ	152
   581  0000                     _TCON_BITS	equ	136
   582  0000                     _TMOD_BITS	equ	137
   583                           	psect	rbss,class=DATA,space=1
   584                           	psect	rbss
   585                           	global	_i
   586  00020                     _i:
   587  00020                     	ds	2
   588                           	global	_n
   589  00022                     _n:
   590  00022                     	ds	2
   591                           	global	_pausa
   592  00024                     _pausa:
   593  00024                     	ds	2
   594                           	global	_x
   595  00026                     _x:
   596  00026                     	ds	2


HI-TECH Software 8051 Macro Assembler V9.60                                Page 2
Symbol Table                                           Mon Jun 16 10:13:47 2025

       ?a_main 00028              _B 000F0              l2 00008  
            l3 00076              l4 0006A              l5 0006A  
            _P 000D0              l6 00071              l7 000AC  
            l8 00082              l9 000AC              _i 00020  
            _n 00022              _x 00026             _B0 000F0  
           _B1 000F1             _B2 000F2             _B3 000F3  
           _B4 000F4             _B5 000F5             _B6 000F6  
           _A8 000A0             _B7 000F7             _A9 000A1  
           _F0 000D5             _AC 000D6             l11 00095  
           l12 0011C             l13 0011A             l14 000E0  
           _EA 000AF             l15 0011C             l16 00180  
           l17 0016A             l18 00180             _P0 00080  
           _P1 00090             _P2 000A0             _P3 000B0  
           _IE 000A8             _T0 000B4             _T1 000B5  
           _ES 000AC             _CY 000D7             _IP 000B8  
           _RD 000B7             u10 00071             u11 0006F  
           u20 00095             _RI 00098             u30 000AC  
           u31 000AA             u40 00164             _TI 00099  
           u41 00162             u50 0017A             _PS 000BC  
           u51 00178             _OV 000D2             _SP 00081  
           _WR 000B6        ?a_pause 0002E         _B_BITS 000F0  
          _A10 000A2            _A11 000A3            _A12 000A4  
          _A13 000A5            _A14 000A6            _A15 000A7  
          _AD0 00080            _AD1 00081            _AD2 00082  
          _AD3 00083            _AD4 00084            _AD5 00085  
          _AD6 00086            _AD7 00087            _ACC 000E0  
          _P00 00080            _P01 00081            _P10 00090  
          _P02 00082            _P11 00091            _P03 00083  
          _P20 000A0            _P12 00092            _P04 00084  
          _P21 000A1            _P13 00093            _P05 00085  
          _P30 000B0            _P22 000A2            _P14 00094  
          _P06 00086            _P31 000B1            _P23 000A3  
          _P15 00095            _P07 00087            _P32 000B2  
          _P24 000A4            _P16 00096            _P33 000B3  
          _P25 000A5            _P17 00097            _P34 000B4  
          _P26 000A6            _P35 000B5            _P27 000A7  
          _P36 000B6            _P37 000B7            _IE0 00089  
          _IE1 0008B            _ET0 000A9            _ET1 000AB  
          _EX0 000A8            _EX1 000AA            _DPH 00083  
          _DPL 00082            _IT0 00088            _IT1 0008A  
          _RB8 0009A            _TF0 0008D            _TB8 0009B  
          _TF1 0008F            _TH0 0008C            _TH1 0008D  
          _SM0 0009F            _SM1 0009E            _TL0 0008A  
          _SM2 0009D            _PT0 000B9            _TL1 0008B  
          _PT1 000BB            _RS0 000D3            _RS1 000D4  
          _REN 0009C            _PX0 000B8            _PX1 000BA  
          _TR0 0008C            _TR1 0008E            _RXD 000B0  
          _PSW 000D0            _TXD 000B1        _P0_BITS 00080  
      _P1_BITS 00090        _P2_BITS 000A0        _P3_BITS 000B0  
      _IE_BITS 000A8       _ACC_BITS 000E0        _IP_BITS 000B8  
         f1410 00005           f1411 0002F           f1500 00121  
         f1412 00000           f1501 00181           f1502 00000  
         f1470 00059           f1471 00077           f1480 0007B  
         f1472 00000           f1481 000AD           f1490 000B1  
         f1482 00000           f1491 0011D           f1492 00000  
         _ACC0 000E0           _ACC1 000E1           _ACC2 000E2  
         _ACC3 000E3           _ACC4 000E4           _ACC5 000E5  
         _ACC6 000E6           _ACC7 000E7  stack_internal 00001  
         _INT0 000B2           _INT1 000B3           _PCON 00087  
         _SCON 00098           _SBUF 00099           _TCON 00088  
         _TMOD 00089           _main 000AF      _obrabotka 0011F  
         awmul 00183      _on_button 00003       _PSW_BITS 000D0  
      _segment 00079          _pausa 00024          _pause 00057  
    _PCON_BITS 00087      _SCON_BITS 00098      _TCON_BITS 00088  
    _TMOD_BITS 00089  
