

HI-TECH Software 8051 Macro Assembler V9.60                                Page 1
                                                       Fri Jun 13 15:25:47 2025

     1                           	psect	idata,class=DATA,space=1,limit=0100h
     2                           	psect	irdata,class=DATA,limit=0100h
     3                           	global	_imp
     4                           	signat	_imp,4216
     5                           	global	stack_internal
     6                           	psect	text,class=CODE
     7                           	psect	text
     8                           	file	"D:\Multisim\7\7\project1\main.c"
     9                           	line	7
    10  00003                     _imp:
    11  00003  80 2C              	j	f1601
    12  00005                     f1600:
    13                           ;main.c: 6: void imp(unsigned int cnt)
    14                           
    15                           ;main.c: 7: {
    16                           
    17                           ;main.c: 8: P20 = 1;
    18                           
    19                           	line	8
    20  00005  D2 A0              	setb	p2.0
    21                           ;main.c: 9: while (cnt != 0)
    22                           
    23                           ;	var   _cnt assigned to ?a_imp+0
    24                           ;_cnt stored from WR2
    25                           	line	9
    26  00007  8C 22              	mov	?a_imp+0,r4
    27  00009  8D 23              	mov	?a_imp+0+1,r5
    28  0000B  80 0C              	jmp	l3
    29  0000D                     l4:
    30                           ;main.c: 10: cnt--;
    31                           
    32                           	line	10
    33  0000D  E5 23              	mov	a,?a_imp+0+1
    34  0000F  24 FF              	add	a,#low (-01h)
    35  00011  F5 23              	mov	?a_imp+0+1,a
    36  00013  E5 22              	mov	a,?a_imp+0
    37  00015  34 FF              	addc	a,#high (-01h)
    38  00017  F5 22              	mov	?a_imp+0,a
    39  00019                     l3:
    40                           	line	9
    41  00019  E5 23              	mov	a,?a_imp+0+1
    42  0001B  45 22              	orl	a,?a_imp+0
    43  0001D  70 02              	bnz	u11
    44  0001F  80 02              	jmp	u10
    45  00021                     u11:
    46  00021  80 EA              	jmp	l4
    47  00023                     u10:
    48  00023                     l5:
    49                           ;main.c: 11: P20 = 0;
    50                           
    51                           	line	11
    52  00023  C2 A0              	clr	p2.0
    53                           ;main.c: 12: while (TF2 == 0);
    54                           
    55                           	line	12
    56  00025  80 00              	jmp	l6
    57  00027                     l7:
    58  00027                     l6:
    59  00027  30 CF 02           	bnb	t2con.7, u21
    60  0002A  80 02              	jmp	u20
    61  0002C                     u21:
    62  0002C  80 F9              	jmp	l7
    63  0002E                     u20:
    64  0002E                     l8:
    65                           ;main.c: 13: TF2 = 0;
    66                           
    67                           	line	13
    68  0002E  C2 CF              	clr	t2con.7
    69                           ;main.c: 14: }
    70                           
    71                           	line	14
    72  00030                     l2:
    73  00030  22                 	ret
    74  00031                     f1601:
    75  00031  80 D2              	j	f1600
    76                           	FNSIZE	_imp,2,0
    77                           	global	?a_imp
    78  0000                     f1602	equ	0
    79                           	global	_main
    80                           	signat	_main,88
    81                           	line	16
    82  00033                     _main:
    83  00033  80 3D              	j	f1611
    84  00035                     f1610:
    85                           ;main.c: 15: void main()
    86                           
    87                           ;main.c: 16: {
    88                           
    89                           ;main.c: 17: tmpCnt = 2500;
    90                           
    91                           	global	_tmpCnt
    92                           	line	17
    93  00035  75 20  09          	mov	_tmpCnt,#high(2500)
    94  00038  75 21  C4          	mov	_tmpCnt+1,#low(2500)
    95                           ;main.c: 18: P1 = 0xFE;
    96                           
    97                           	line	18
    98  0003B  75 90 FE           	mov	090h,#254
    99                           ;main.c: 19: RCAP2H = 0x15;
   100                           
   101                           	line	19
   102  0003E  75 CB 15           	mov	0CBh,#21
   103                           ;main.c: 20: RCAP2L = 0xA0;
   104                           
   105                           	line	20
   106  00041  75 CA A0           	mov	0CAh,#160
   107                           ;main.c: 22: T2CON &= 0xFC;
   108                           
   109                           	line	22
   110  00044  53 C8 FC           	anl	0C8h,#-4
   111                           ;main.c: 23: ET2 = 1;
   112                           
   113                           	line	23
   114  00047  D2 AD              	setb	ie.5
   115                           ;main.c: 24: EA = 1;
   116                           
   117                           	line	24
   118  00049  D2 AF              	setb	ie.7
   119                           ;main.c: 25: TH2 = 0xFF;
   120                           
   121                           	line	25
   122  0004B  75 CD FF           	mov	0CDh,#255
   123                           ;main.c: 26: TL2 = 0xFF;
   124                           
   125                           	line	26
   126  0004E  75 CC FF           	mov	0CCh,#255
   127                           ;main.c: 27: T2CON |= 0x4;
   128                           
   129                           	line	27
   130  00051  D2 CA              	setb	t2con.2
   131                           ;main.c: 28: while (1)
   132                           
   133                           	line	28
   134  00053                     l11:
   135                           ;main.c: 29: {
   136                           
   137                           ;main.c: 30: if (P10 == 1)
   138                           
   139                           	line	30
   140  00053  30 90 02           	bnb	p1.0, u31
   141  00056  80 02              	jmp	u30
   142  00058                     u31:
   143  00058  80 08              	jmp	l13
   144  0005A                     u30:
   145                           ;main.c: 31: tmpCnt = 2500;
   146                           
   147                           	line	31
   148  0005A  75 20  09          	mov	_tmpCnt,#high(2500)
   149  0005D  75 21  C4          	mov	_tmpCnt+1,#low(2500)
   150  00060  80 06              	jmp	l14
   151                           	line	32
   152  00062                     l13:
   153                           ;main.c: 32: else
   154                           
   155                           ;main.c: 33: tmpCnt = 4000;
   156                           
   157                           	line	33
   158  00062  75 20  0F          	mov	_tmpCnt,#high(4000)
   159  00065  75 21  A0          	mov	_tmpCnt+1,#low(4000)
   160  00068                     l14:
   161                           ;main.c: 34: imp(tmpCnt);
   162                           
   163                           	FNCALL	_main,_imp
   164                           	line	34
   165  00068  AC 20              	mov	r4,_tmpCnt
   166  0006A  AD 21              	mov	r5,_tmpCnt+1
   167  0006C  12 0003            	lcall	_imp
   168                           
   169                           	line	35
   170  0006F                     l10:
   171                           	line	28
   172  0006F  80 E2              	jmp	l11
   173  00071                     l12:
   174                           ;main.c: 35: }
   175                           
   176                           ;main.c: 36: }
   177                           
   178                           	line	36
   179  00071                     l9:
   180  00071  22                 	ret
   181  00072                     f1611:
   182  00072  80 C1              	j	f1610
   183  0000                     f1612	equ	0
   184  0000                     _A10	equ	162
   185  0000                     _A11	equ	163
   186  0000                     _A12	equ	164
   187  0000                     _A13	equ	165
   188  0000                     _A14	equ	166
   189  0000                     _A15	equ	167
   190  0000                     _A8	equ	160
   191  0000                     _A9	equ	161
   192  0000                     _AC	equ	214
   193  0000                     _ACC0	equ	224
   194  0000                     _ACC1	equ	225
   195  0000                     _ACC2	equ	226
   196  0000                     _ACC3	equ	227
   197  0000                     _ACC4	equ	228
   198  0000                     _ACC5	equ	229
   199  0000                     _ACC6	equ	230
   200  0000                     _ACC7	equ	231
   201  0000                     _AD0	equ	128
   202  0000                     _AD1	equ	129
   203  0000                     _AD2	equ	130
   204  0000                     _AD3	equ	131
   205  0000                     _AD4	equ	132
   206  0000                     _AD5	equ	133
   207  0000                     _AD6	equ	134
   208  0000                     _AD7	equ	135
   209  0000                     _B0	equ	240
   210  0000                     _B1	equ	241
   211  0000                     _B2	equ	242
   212  0000                     _B3	equ	243
   213  0000                     _B4	equ	244
   214  0000                     _B5	equ	245
   215  0000                     _B6	equ	246
   216  0000                     _B7	equ	247
   217  0000                     _CPRL2	equ	200
   218  0000                     _CT2	equ	201
   219  0000                     _CY	equ	215
   220  0000                     _EA	equ	175
   221  0000                     _ES	equ	172
   222  0000                     _ET0	equ	169
   223  0000                     _ET1	equ	171
   224  0000                     _ET2	equ	173
   225  0000                     _EX0	equ	168
   226  0000                     _EX1	equ	170
   227  0000                     _EXEN2	equ	203
   228  0000                     _EXF2	equ	206
   229  0000                     _F0	equ	213
   230  0000                     _IE0	equ	137
   231  0000                     _IE1	equ	139
   232  0000                     _INT0	equ	178
   233  0000                     _INT1	equ	179
   234  0000                     _IT0	equ	136
   235  0000                     _IT1	equ	138
   236  0000                     _OV	equ	210
   237  0000                     _P	equ	208
   238  0000                     _P00	equ	128
   239  0000                     _P01	equ	129
   240  0000                     _P02	equ	130
   241  0000                     _P03	equ	131
   242  0000                     _P04	equ	132
   243  0000                     _P05	equ	133
   244  0000                     _P06	equ	134
   245  0000                     _P07	equ	135
   246  0000                     _P10	equ	144
   247  0000                     _P11	equ	145
   248  0000                     _P12	equ	146
   249  0000                     _P13	equ	147
   250  0000                     _P14	equ	148
   251  0000                     _P15	equ	149
   252  0000                     _P16	equ	150
   253  0000                     _P17	equ	151
   254  0000                     _P20	equ	160
   255  0000                     _P21	equ	161
   256  0000                     _P22	equ	162
   257  0000                     _P23	equ	163
   258  0000                     _P24	equ	164
   259  0000                     _P25	equ	165
   260  0000                     _P26	equ	166
   261  0000                     _P27	equ	167
   262  0000                     _P30	equ	176
   263  0000                     _P31	equ	177
   264  0000                     _P32	equ	178
   265  0000                     _P33	equ	179
   266  0000                     _P34	equ	180
   267  0000                     _P35	equ	181
   268  0000                     _P36	equ	182
   269  0000                     _P37	equ	183
   270  0000                     _PS	equ	188
   271  0000                     _PT0	equ	185
   272  0000                     _PT1	equ	187
   273  0000                     _PT2	equ	189
   274  0000                     _PX0	equ	184
   275  0000                     _PX1	equ	186
   276  0000                     _RB8	equ	154
   277  0000                     _RCLK	equ	205
   278  0000                     _RD	equ	183
   279  0000                     _REN	equ	156
   280  0000                     _RI	equ	152
   281  0000                     _RS0	equ	211
   282  0000                     _RS1	equ	212
   283  0000                     _RXD	equ	176
   284  0000                     _SM0	equ	159
   285  0000                     _SM1	equ	158
   286  0000                     _SM2	equ	157
   287  0000                     _T0	equ	180
   288  0000                     _T1	equ	181
   289  0000                     _T2	equ	144
   290  0000                     _T2EX	equ	145
   291  0000                     _TB8	equ	155
   292  0000                     _TCLK	equ	204
   293  0000                     _TF0	equ	141
   294  0000                     _TF1	equ	143
   295  0000                     _TF2	equ	207
   296  0000                     _TI	equ	153
   297  0000                     _TR0	equ	140
   298  0000                     _TR1	equ	142
   299  0000                     _TR2	equ	202
   300  0000                     _TXD	equ	177
   301  0000                     _WR	equ	182
   302  0000                     _ACC	equ	224
   303  0000                     _B	equ	240
   304  0000                     _DPH	equ	131
   305  0000                     _DPL	equ	130
   306  0000                     _IE	equ	168
   307  0000                     _IP	equ	184
   308  0000                     _P0	equ	128
   309  0000                     _P1	equ	144
   310  0000                     _P2	equ	160
   311  0000                     _P3	equ	176
   312  0000                     _PCON	equ	135
   313  0000                     _PSW	equ	208
   314  0000                     _RCAP2H	equ	203
   315  0000                     _RCAP2L	equ	202
   316  0000                     _SBUF	equ	153
   317  0000                     _SCON	equ	152
   318  0000                     _SP	equ	129
   319  0000                     _T2CON	equ	200
   320  0000                     _TCON	equ	136
   321  0000                     _TH0	equ	140
   322  0000                     _TH1	equ	141
   323  0000                     _TH2	equ	205
   324  0000                     _TL0	equ	138
   325  0000                     _TL1	equ	139
   326  0000                     _TL2	equ	204
   327  0000                     _TMOD	equ	137
   328  0000                     _ACC_BITS	equ	224
   329  0000                     _B_BITS	equ	240
   330  0000                     _IE_BITS	equ	168
   331  0000                     _IP_BITS	equ	184
   332  0000                     _P0_BITS	equ	128
   333  0000                     _P1_BITS	equ	144
   334  0000                     _P2_BITS	equ	160
   335  0000                     _P3_BITS	equ	176
   336  0000                     _PCON_BITS	equ	135
   337  0000                     _PSW_BITS	equ	208
   338  0000                     _SCON_BITS	equ	152
   339  0000                     _T2CON_BITS	equ	200
   340  0000                     _TCON_BITS	equ	136
   341  0000                     _TMOD_BITS	equ	137
   342                           	psect	rbss,class=DATA,space=1
   343                           	psect	rbss
   344                           	global	_tmpCnt
   345  00020                     _tmpCnt:
   346  00020                     	ds	2


HI-TECH Software 8051 Macro Assembler V9.60                                Page 2
Symbol Table                                           Fri Jun 13 15:25:47 2025

            _B 000F0              l2 00030              l3 00019  
            l4 0000D              l5 00023              _P 000D0  
            l6 00027              l7 00027              l8 0002E  
            l9 00071             _B0 000F0             _B1 000F1  
           _B2 000F2             _B3 000F3             _B4 000F4  
           _B5 000F5             _B6 000F6             _A8 000A0  
           _B7 000F7             _A9 000A1             _F0 000D5  
           _AC 000D6             l10 0006F             l11 00053  
           l12 00071             l13 00062             l14 00068  
           _EA 000AF             _P0 00080             _P1 00090  
           _P2 000A0             _P3 000B0             _IE 000A8  
           _T0 000B4             _T1 000B5             _T2 00090  
           _ES 000AC             _CY 000D7             _IP 000B8  
           _RD 000B7             u10 00023             u11 00021  
           u20 0002E             _RI 00098             u21 0002C  
           u30 0005A             u31 00058             _TI 00099  
           _PS 000BC             _OV 000D2             _SP 00081  
           _WR 000B6         _B_BITS 000F0         _RCAP2H 000CB  
       _RCAP2L 000CA            _A10 000A2            _A11 000A3  
          _A12 000A4            _A13 000A5            _A14 000A6  
          _A15 000A7            _AD0 00080            _AD1 00081  
          _AD2 00082            _AD3 00083            _AD4 00084  
          _AD5 00085            _AD6 00086            _AD7 00087  
          _ACC 000E0            _P00 00080            _P01 00081  
          _P10 00090            _P02 00082            _P11 00091  
          _P03 00083            _P20 000A0            _P12 00092  
          _P04 00084            _P21 000A1            _P13 00093  
          _P05 00085            _P30 000B0            _P22 000A2  
          _P14 00094            _P06 00086            _P31 000B1  
          _P23 000A3            _P15 00095            _P07 00087  
          _P32 000B2            _P24 000A4            _P16 00096  
          _P33 000B3            _P25 000A5            _P17 00097  
          _P34 000B4            _P26 000A6            _P35 000B5  
          _P27 000A7            _P36 000B6            _P37 000B7  
          _IE0 00089            _IE1 0008B            _CT2 000C9  
          _ET0 000A9            _ET1 000AB            _ET2 000AD  
          _EX0 000A8            _EX1 000AA            _DPH 00083  
          _DPL 00082            _IT0 00088            _IT1 0008A  
          _RB8 0009A            _TF0 0008D            _TB8 0009B  
          _TF1 0008F            _TF2 000CF            _TH0 0008C  
          _TH1 0008D            _TH2 000CD            _SM0 0009F  
          _SM1 0009E            _TL0 0008A            _SM2 0009D  
          _PT0 000B9            _TL1 0008B            _PT1 000BB  
          _TL2 000CC            _PT2 000BD            _RS0 000D3  
          _RS1 000D4            _REN 0009C            _PX0 000B8  
          _PX1 000BA            _TR0 0008C            _TR1 0008E  
          _TR2 000CA            _RXD 000B0            _PSW 000D0  
          _TXD 000B1        _P0_BITS 00080        _P1_BITS 00090  
      _P2_BITS 000A0        _P3_BITS 000B0            _imp 00003  
      _IE_BITS 000A8       _ACC_BITS 000E0     _T2CON_BITS 000C8  
      _IP_BITS 000B8           f1600 00005           f1601 00031  
         f1610 00035           f1602 00000           f1611 00072  
         f1612 00000           _ACC0 000E0           _ACC1 000E1  
         _ACC2 000E2           _ACC3 000E3           _ACC4 000E4  
         _ACC5 000E5           _ACC6 000E6           _ACC7 000E7  
stack_internal 00001           _EXF2 000CE           _T2EX 00091  
         _INT0 000B2           _INT1 000B3           _PCON 00087  
         _RCLK 000CD           _TCLK 000CC           _SCON 00098  
         _SBUF 00099           _TCON 00088           _TMOD 00089  
       _tmpCnt 00020           _main 00033          ?a_imp 00022  
     _PSW_BITS 000D0          _CPRL2 000C8          _T2CON 000C8  
        _EXEN2 000CB      _PCON_BITS 00087      _SCON_BITS 00098  
    _TCON_BITS 00088      _TMOD_BITS 00089  
